<?xml version="1.0" encoding="UTF-8"?>
<!-- Generated by org.testng.reporters.JUnitReportReporter -->
<testsuite hostname="EPINBANW00BC" failures="0" tests="2" name="TestRunner.TestRunner" time="47.296" errors="0" timestamp="2022-11-22T20:26:44 IST" skipped="0">
  <testcase classname="TestRunner.TestRunner" name="runScenario" time="24.048"/>
  <system-out/>
  <testcase classname="TestRunner.TestRunner" name="runScenario" time="23.248"/>
  <system-out/>
</testsuite> <!-- TestRunner.TestRunner -->
