<?xml version="1.0" encoding="UTF-8"?>
<!-- Generated by org.testng.reporters.JUnitReportReporter -->
<testsuite hostname="EPINBANW00BC" failures="0" tests="2" name="TestRunner.TestRunner" time="83.925" errors="0" timestamp="2022-11-22T20:03:06 IST" skipped="0">
  <testcase classname="TestRunner.TestRunner" name="runScenario" time="42.476"/>
  <system-out/>
  <testcase classname="TestRunner.TestRunner" name="runScenario" time="41.449"/>
  <system-out/>
</testsuite> <!-- TestRunner.TestRunner -->
